[1;37mNINE [33m2004/08/22 22:24:30 Sun [32mLightNinG [36m[32;1m¦b 88 ±iµPÄ¹¤F.. :) [m ±o¨ì 1250000 ¤¸[m
[1;37mNINE [33m2004/08/22 22:29:40 Sun [32mLightNinG [36m[31;1m¦b 241 ±iµP³Q¹q¸£¹qÃz±¼¤F.. :~ 1[m 250000[m
[1;37mNINE [33m2004/08/22 22:30:25 Sun [32mLightNinG [36m[31;1m¦b 32 ±iµP¥ÕÄêÃz¤F.. :~ 1[m 250000[m
[1;37mNINE [33m2004/08/22 22:31:56 Sun [32mLightNinG [36m[31;1m¦b 68 ±iµP¥ÕÄêÃz¤F.. :~ 2[m 250000[m
[1;37mNINE [33m2004/08/23 01:38:56 Mon [32mtear [36m[32;1m¦b 85 ±iµPÄ¹¤F.. :) [m ±o¨ì 50000 ¤¸[m
[1;37mNINE [33m2004/08/23 01:42:20 Mon [32mtear [36m[32;1m¦b 129 ±iµPÄ¹¤F.. :) [m ±o¨ì 30000 ¤¸[m
[1;37mXAXB [33m2004/08/23 01:45:02 Mon [32mtear [36m¥i¼¦¨S²q¨ì¡A¿é¤F 1 ¤¸¡I[m
[1;37mNINE [33m2004/08/23 01:47:25 Mon [32mtear [36m[32;1m¦b 95 ±iµPÄ¹¤F.. :) [m ±o¨ì 50000 ¤¸[m
[1;37mGP [33m2004/08/23 01:47:52 Mon [32mtear [36m[1;32m¿é¤F 10000 ¤¸[m
[1;37mGP [33m2004/08/23 01:48:05 Mon [32mtear [36m[1;31mÄ¹¤F 10000 ¤¸[m
[1;37mGP [33m2004/08/23 01:48:15 Mon [32mtear [36m[1;31mÄ¹¤F 10000 ¤¸[m
[1;37mGP [33m2004/08/23 01:48:25 Mon [32mtear [36m[1;31mÄ¹¤F 10000 ¤¸[m
[1;37mGP [33m2004/08/23 01:48:33 Mon [32mtear [36m[1;31mÄ¹¤F 10000 ¤¸[m
[1;37mGP [33m2004/08/23 01:48:41 Mon [32mtear [36m[1;31mÄ¹¤F 10000 ¤¸[m
[1;37mGP [33m2004/08/23 01:48:50 Mon [32mtear [36m[1;32m¿é¤F 10000 ¤¸[m
[1;37mGP [33m2004/08/23 01:48:56 Mon [32mtear [36m[1;32m¿é¤F 10000 ¤¸[m
[1;37mGP [33m2004/08/23 01:49:08 Mon [32mtear [36m[1;31mÄ¹¤F 10000 ¤¸[m
[1;37mGP [33m2004/08/23 01:49:16 Mon [32mtear [36m[1;31mÄ¹¤F 10000 ¤¸[m
[1;37mGP [33m2004/08/23 01:49:22 Mon [32mtear [36m[1;32m¿é¤F 10000 ¤¸[m
[1;37mGP [33m2004/08/23 01:49:28 Mon [32mtear [36m[1;31mÄ¹¤F 10000 ¤¸[m
[1;37mGP [33m2004/08/23 01:49:34 Mon [32mtear [36m[1;32m¿é¤F 10000 ¤¸[m
[1;37mGP [33m2004/08/23 01:49:43 Mon [32mtear [36m[1;31mÄ¹¤F 10000 ¤¸[m
[1;37mGP [33m2004/08/23 01:49:51 Mon [32mtear [36m[1;32m¿é¤F 10000 ¤¸[m
[1;37mGP [33m2004/08/23 01:49:55 Mon [32mtear [36m[1;32m¿é¤F 10000 ¤¸[m
[1;37mGP [33m2004/08/23 01:50:02 Mon [32mtear [36m[1;32m¿é¤F 10000 ¤¸[m
[1;37mGP [33m2004/08/23 01:50:06 Mon [32mtear [36m[1;31mÄ¹¤F 10000 ¤¸[m
[1;37mGP [33m2004/08/23 01:50:15 Mon [32mtear [36m[1;31mÄ¹¤F 10000 ¤¸[m
[1;37mGP [33m2004/08/23 01:50:25 Mon [32mtear [36m[1;32m¿é¤F 10000 ¤¸[m
[1;37mGP [33m2004/08/23 01:50:31 Mon [32mtear [36m[1;31mÄ¹¤F 10000 ¤¸[m
[1;37mGP [33m2004/08/23 01:50:43 Mon [32mtear [36m[1;32m¿é¤F 10000 ¤¸[m
[1;37mGP [33m2004/08/23 01:50:48 Mon [32mtear [36m[1;32m¿é¤F 10000 ¤¸[m
[1;37mGP [33m2004/08/23 01:50:55 Mon [32mtear [36m[1;32m¿é¤F 10000 ¤¸[m
[1;37mGP [33m2004/08/23 01:50:59 Mon [32mtear [36m[1;32m¿é¤F 10000 ¤¸[m
[1;37mGP [33m2004/08/23 01:51:06 Mon [32mtear [36m[1;31mÄ¹¤F 10000 ¤¸[m
[1;37mGP [33m2004/08/23 01:51:12 Mon [32mtear [36m[1;32m¿é¤F 10000 ¤¸[m
[1;37mGP [33m2004/08/23 01:51:28 Mon [32mtear [36m[1;31mÄ¹¤F 45310 ¤¸[m
[1;37mGP [33m2004/08/23 01:51:28 Mon [32mtear [36m9062[m
[1;37mGP [33m2004/08/23 01:51:43 Mon [32mtear [36m[1;31mÄ¹¤F 10000 ¤¸[m
[1;37mGP [33m2004/08/23 01:51:49 Mon [32mtear [36m[1;32m¿é¤F 10000 ¤¸[m
[1;37mGP [33m2004/08/23 01:51:54 Mon [32mtear [36m[1;32m¿é¤F 10000 ¤¸[m
[1;37mGP [33m2004/08/23 01:51:59 Mon [32mtear [36m[1;32m¿é¤F 10000 ¤¸[m
[1;37mGP [33m2004/08/23 01:52:07 Mon [32mtear [36m[1;32m¿é¤F 10000 ¤¸[m
[1;37mGP [33m2004/08/23 01:52:14 Mon [32mtear [36m[1;32m¿é¤F 10000 ¤¸[m
[1;37mGP [33m2004/08/23 01:52:21 Mon [32mtear [36m[1;32m¿é¤F 10000 ¤¸[m
[1;37mGP [33m2004/08/23 01:52:25 Mon [32mtear [36m[1;31mÄ¹¤F 10000 ¤¸[m
[1;37mGP [33m2004/08/23 01:52:31 Mon [32mtear [36m[1;31mÄ¹¤F 10000 ¤¸[m
[1;37mGP [33m2004/08/23 01:52:37 Mon [32mtear [36m[1;31mÄ¹¤F 10000 ¤¸[m
[1;37mGP [33m2004/08/23 01:52:47 Mon [32mtear [36m[1;32m¿é¤F 10000 ¤¸[m
[1;37mGP [33m2004/08/23 01:52:51 Mon [32mtear [36m[1;31mÄ¹¤F 10000 ¤¸[m
[1;37mGP [33m2004/08/23 01:53:03 Mon [32mtear [36m[1;32m¿é¤F 10000 ¤¸[m
[1;37mGP [33m2004/08/23 01:53:08 Mon [32mtear [36m[1;31mÄ¹¤F 10000 ¤¸[m
[1;37mGP [33m2004/08/23 01:53:21 Mon [32mtear [36m[1;32m¿é¤F 10000 ¤¸[m
[1;37mGP [33m2004/08/23 01:53:27 Mon [32mtear [36m[1;31mÄ¹¤F 10000 ¤¸[m
[1;37mGP [33m2004/08/23 01:53:46 Mon [32mtear [36m[1;32m¿é¤F 10000 ¤¸[m
[1;37mGP [33m2004/08/23 01:53:53 Mon [32mtear [36m[1;32m¿é¤F 10000 ¤¸[m
[1;37mGP [33m2004/08/23 01:53:58 Mon [32mtear [36m[1;32m¿é¤F 10000 ¤¸[m
[1;37mGP [33m2004/08/23 01:54:04 Mon [32mtear [36m[1;31mÄ¹¤F 10000 ¤¸[m
[1;37mGP [33m2004/08/23 01:54:12 Mon [32mtear [36m[1;31mÄ¹¤F 10000 ¤¸[m
[1;37mGP [33m2004/08/23 01:54:20 Mon [32mtear [36m[1;32m¿é¤F 10000 ¤¸[m
[1;37mGP [33m2004/08/23 01:54:25 Mon [32mtear [36m[1;31mÄ¹¤F 10000 ¤¸[m
[1;37mGP [33m2004/08/23 01:54:30 Mon [32mtear [36m[1;32m¿é¤F 10000 ¤¸[m
[1;37mGP [33m2004/08/23 01:54:35 Mon [32mtear [36m[1;32m¿é¤F 10000 ¤¸[m
[1;37mNINE [33m2004/08/23 21:40:52 Mon [32midris [36m[32;1m¦b 70 ±iµPÄ¹¤F.. :) [m ±o¨ì 1250000 ¤¸[m
[1;37mNINE [33m2004/08/23 21:44:59 Mon [32midris [36m[32;1m¦b 143 ±iµPÄ¹¤F.. :) [m ±o¨ì 750000 ¤¸[m
[1;37mNINE [33m2004/08/23 21:45:34 Mon [32midris [36m[32;1m¦b 21 ±iµPÄ¹¤F.. :) [m ±o¨ì 3750000 ¤¸[m
[1;37mNINE [33m2004/08/23 21:48:07 Mon [32midris [36m[32;1m¦b 88 ±iµPÄ¹¤F.. :) [m ±o¨ì 1250000 ¤¸[m
[1;37mCHESSMJ [33m2004/08/24 02:18:36 Tue [32mbabyg [36m[32;1mÄ¹  3¥x[m[m
[1;37mCHESSMJ [33m2004/08/24 02:19:43 Tue [32mbabyg [36m[32;1mÄ¹  5¥x[m[m
[1;37mCHESSMJ [33m2004/08/24 02:20:10 Tue [32mbabyg [36m[31;1m¿é  4¥x[m[m
[1;37mCHESSMJ [33m2004/08/24 02:21:00 Tue [32mbabyg [36m[31;1m¿é  4¥x[m[m
[1;37mCHESSMJ [33m2004/08/24 02:21:15 Tue [32mbabyg [36m[31;1m¿é  4¥x[m[m
[1;37mCHESSMJ [33m2004/08/24 02:21:52 Tue [32mbabyg [36m[32;1mÄ¹  3¥x[m[m
[1;37mCHESSMJ [33m2004/08/24 02:22:38 Tue [32mbabyg [36m[31;1m¿é  2¥x[m[m
[1;37mCHESSMJ [33m2004/08/24 02:23:15 Tue [32mbabyg [36m[32;1mÄ¹  5¥x[m[m
[1;37mCHESSMJ [33m2004/08/24 02:23:37 Tue [32mbabyg [36m[32;1mÄ¹  2¥x[m[m
[1;37mCHESSMJ [33m2004/08/24 02:24:33 Tue [32mbabyg [36m[31;1m¿é  5¥x[m[m
[1;37mCHESSMJ [33m2004/08/24 02:24:51 Tue [32mbabyg [36m[32;1mÄ¹  3¥x[m[m
[1;37mCHESSMJ [33m2004/08/24 02:25:51 Tue [32mbabyg [36m[31;1m¿é  5¥x[m[m
[1;37mCHESSMJ [33m2004/08/24 02:26:05 Tue [32mbabyg [36m[31;1m¿é  2¥x[m[m
[1;37mCHESSMJ [33m2004/08/24 02:26:57 Tue [32mbabyg [36m[32;1mÄ¹  5¥x[m[m
[1;37mCHESSMJ [33m2004/08/24 02:27:35 Tue [32mbabyg [36m[32;1mÄ¹  5¥x[m[m
[1;37mCHESSMJ [33m2004/08/24 02:27:52 Tue [32mbabyg [36m[31;1m¿é  2¥x[m[m
[1;37mCHESSMJ [33m2004/08/24 02:28:00 Tue [32mbabyg [36m[32;1mÄ¹  8¥x[m[m
[1;37mCHESSMJ [33m2004/08/24 02:29:12 Tue [32mbabyg [36m[32;1mÄ¹  3¥x[m[m
[1;37mCHESSMJ [33m2004/08/24 02:29:40 Tue [32mbabyg [36m[31;1m¿é  3¥x[m[m
[1;37mCHESSMJ [33m2004/08/24 02:30:51 Tue [32mbabyg [36m[31;1m¿é  9¥x[m[m
[1;37mCHESSMJ [33m2004/08/24 02:31:34 Tue [32mbabyg [36m[32;1mÄ¹  5¥x[m[m
[1;37mCHESSMJ [33m2004/08/24 02:31:52 Tue [32mbabyg [36m[31;1m¿é  3¥x[m[m
[1;37mCHESSMJ [33m2004/08/24 02:32:14 Tue [32mbabyg [36m[31;1m¿é  2¥x[m[m
[1;37mCHESSMJ [33m2004/08/24 02:32:49 Tue [32mbabyg [36m[31;1m¿é  4¥x[m[m
[1;37mCHESSMJ [33m2004/08/24 02:33:28 Tue [32mbabyg [36m[31;1m¿é  5¥x[m[m
